<?xml version="1.0" encoding="UTF-8"?>
<testsuite xmlns:xsi="http://www.w3.org/2001/XMLSchema-instance" xsi:noNamespaceSchemaLocation="https://maven.apache.org/surefire/maven-surefire-plugin/xsd/surefire-test-report-3.0.xsd" version="3.0" name="com.optumwarehouse.inventoryservice.InventoryServiceApplicationTests" time="2.371" tests="1" errors="0" skipped="0" failures="0">
  <properties>
[...]
</properties>
  <testcase name="contextLoads" classname="com.optumwarehouse.inventoryservice.InventoryServiceApplicationTests" time="0.329">
    <system-out><![CDATA[10:55:01.497 [main] INFO org.springframework.test.context.support.AnnotationConfigContextLoaderUtils -- Could not detect default configuration classes for test class [com.optumwarehouse.inventoryservice.InventoryServiceApplicationTests]: InventoryServiceApplicationTests does not declare any static, non-private, non-final, nested classes annotated with @Configuration.
10:55:01.543 [main] INFO org.springframework.boot.test.context.SpringBootTestContextBootstrapper -- Found @SpringBootConfiguration com.optumwarehouse.inventoryservice.InventoryServiceApplication for test class com.optumwarehouse.inventoryservice.InventoryServiceApplicationTests

  .   ____          _            __ _ _
 /\\ / ___'_ __ _ _(_)_ __  __ _ \ \ \ \
( ( )\___ | '_ | '_| | '_ \/ _` | \ \ \ \
 \\/  ___)| |_)| | | | | || (_| |  ) ) ) )
  '  |____| .__|_| |_|_| |_\__, | / / / /
 =========|_|==============|___/=/_/_/_/
 :: Spring Boot ::               (v3.1.11)

2024-05-05T10:55:01.717+05:30  INFO 39246 --- [           main] c.o.i.InventoryServiceApplicationTests   : Starting InventoryServiceApplicationTests using Java 18.0.1.1 with PID 39246 (started by dbarbhui in /Users/dbarbhui/Documents/optumwarehouse/optumwarehouse/inventory-service)
2024-05-05T10:55:01.718+05:30  INFO 39246 --- [           main] c.o.i.InventoryServiceApplicationTests   : No active profile set, falling back to 1 default profile: "default"
2024-05-05T10:55:01.985+05:30  INFO 39246 --- [           main] .s.d.r.c.RepositoryConfigurationDelegate : Bootstrapping Spring Data JPA repositories in DEFAULT mode.
2024-05-05T10:55:02.013+05:30  INFO 39246 --- [           main] .s.d.r.c.RepositoryConfigurationDelegate : Finished Spring Data repository scanning in 24 ms. Found 1 JPA repository interface.
2024-05-05T10:55:02.225+05:30  INFO 39246 --- [           main] o.hibernate.jpa.internal.util.LogHelper  : HHH000204: Processing PersistenceUnitInfo [name: default]
2024-05-05T10:55:02.246+05:30  INFO 39246 --- [           main] org.hibernate.Version                    : HHH000412: Hibernate ORM core version 6.2.24.Final
2024-05-05T10:55:02.247+05:30  INFO 39246 --- [           main] org.hibernate.cfg.Environment            : HHH000406: Using bytecode reflection optimizer
2024-05-05T10:55:02.382+05:30  INFO 39246 --- [           main] o.s.o.j.p.SpringPersistenceUnitInfo      : No LoadTimeWeaver setup: ignoring JPA class transformer
2024-05-05T10:55:02.400+05:30  INFO 39246 --- [           main] com.zaxxer.hikari.HikariDataSource       : HikariPool-1 - Starting...
2024-05-05T10:55:02.613+05:30  INFO 39246 --- [           main] com.zaxxer.hikari.pool.HikariPool        : HikariPool-1 - Added connection com.mysql.cj.jdbc.ConnectionImpl@77ea806f
2024-05-05T10:55:02.614+05:30  INFO 39246 --- [           main] com.zaxxer.hikari.HikariDataSource       : HikariPool-1 - Start completed.
2024-05-05T10:55:03.017+05:30  INFO 39246 --- [           main] o.h.e.t.j.p.i.JtaPlatformInitiator       : HHH000489: No JTA platform available (set 'hibernate.transaction.jta.platform' to enable JTA platform integration)
2024-05-05T10:55:03.053+05:30  INFO 39246 --- [           main] j.LocalContainerEntityManagerFactoryBean : Initialized JPA EntityManagerFactory for persistence unit 'default'
2024-05-05T10:55:03.253+05:30  WARN 39246 --- [           main] JpaBaseConfiguration$JpaWebConfiguration : spring.jpa.open-in-view is enabled by default. Therefore, database queries may be performed during view rendering. Explicitly configure spring.jpa.open-in-view to disable this warning
2024-05-05T10:55:03.416+05:30  INFO 39246 --- [           main] c.o.i.InventoryServiceApplicationTests   : Started InventoryServiceApplicationTests in 1.813 seconds (process running for 2.253)
]]></system-out>
  </testcase>
</testsuite>